app/build/intermediates/aapt_proguard_file/civRelease/aapt_rules.txt
-keep class com.atakmap.android.harrissaspr.UDPReceiverService { <init>(); }
-keep class com.atakmap.android.gui.PluginSpinner { <init>(android.content.Context, android.util.AttributeSet); }